<?xml version="1.0" encoding="UTF-8"?>
<testng-results skipped="0" failed="0" total="3" passed="3">
  <reporter-output>
  </reporter-output>
  <suite name="Default suite" duration-ms="55" started-at="2022-08-30T04:07:16Z" finished-at="2022-08-30T04:07:16Z">
    <groups>
    </groups>
    <test name="Default test" duration-ms="55" started-at="2022-08-30T04:07:16Z" finished-at="2022-08-30T04:07:16Z">
      <class name="Demo_testNG.Assertion_method">
        <test-method status="PASS" signature="createAccount()[pri:0, instance:Demo_testNG.Assertion_method@7c0e2abd]" name="createAccount" duration-ms="15" started-at="2022-08-30T09:37:16Z" finished-at="2022-08-30T09:37:16Z">
          <reporter-output>
          </reporter-output>
        </test-method> <!-- createAccount -->
        <test-method status="PASS" signature="deleteaccount()[pri:0, instance:Demo_testNG.Assertion_method@7c0e2abd]" name="deleteaccount" duration-ms="2" started-at="2022-08-30T09:37:16Z" finished-at="2022-08-30T09:37:16Z">
          <reporter-output>
          </reporter-output>
        </test-method> <!-- deleteaccount -->
        <test-method status="PASS" signature="modifyaccount()[pri:0, instance:Demo_testNG.Assertion_method@7c0e2abd]" name="modifyaccount" duration-ms="1" started-at="2022-08-30T09:37:16Z" finished-at="2022-08-30T09:37:16Z">
          <reporter-output>
          </reporter-output>
        </test-method> <!-- modifyaccount -->
      </class> <!-- Demo_testNG.Assertion_method -->
    </test> <!-- Default test -->
  </suite> <!-- Default suite -->
</testng-results>
